[debug] [2023-07-15T12:59:38.256Z] ----------------------------------------------------------------------
[debug] [2023-07-15T12:59:38.258Z] Command:       /usr/local/bin/firebase /Users/flavionogueira/.cache/firebase/tools/lib/node_modules/firebase-tools/lib/bin/firebase deploy
[debug] [2023-07-15T12:59:38.258Z] CLI Version:   12.4.3
[debug] [2023-07-15T12:59:38.258Z] Platform:      darwin
[debug] [2023-07-15T12:59:38.258Z] Node Version:  v16.16.0
[debug] [2023-07-15T12:59:38.263Z] Time:          Sat Jul 15 2023 09:59:38 GMT-0300 (Brasilia Standard Time)
[debug] [2023-07-15T12:59:38.264Z] ----------------------------------------------------------------------
[debug] 
[debug] [2023-07-15T12:59:38.269Z] >>> [apiv2][query] GET https://firebase-public.firebaseio.com/cli.json [none]
[debug] [2023-07-15T12:59:38.361Z] > command requires scopes: ["email","openid","https://www.googleapis.com/auth/cloudplatformprojects.readonly","https://www.googleapis.com/auth/firebase","https://www.googleapis.com/auth/cloud-platform"]
[debug] [2023-07-15T12:59:38.362Z] > authorizing via signed-in user (flavionogueirabarros@gmail.com)
[debug] [2023-07-15T12:59:38.362Z] [iam] checking project troexpress-e02c4 for permissions ["firebase.projects.get","firebasehosting.sites.update"]
[debug] [2023-07-15T12:59:38.363Z] > refreshing access token with scopes: []
[debug] [2023-07-15T12:59:38.364Z] >>> [apiv2][query] POST https://www.googleapis.com/oauth2/v3/token [none]
[debug] [2023-07-15T12:59:38.364Z] >>> [apiv2][body] POST https://www.googleapis.com/oauth2/v3/token [omitted]
[debug] [2023-07-15T12:59:38.744Z] <<< [apiv2][status] POST https://www.googleapis.com/oauth2/v3/token 200
[debug] [2023-07-15T12:59:38.745Z] <<< [apiv2][body] POST https://www.googleapis.com/oauth2/v3/token [omitted]
[debug] [2023-07-15T12:59:38.774Z] >>> [apiv2][query] POST https://cloudresourcemanager.googleapis.com/v1/projects/troexpress-e02c4:testIamPermissions [none]
[debug] [2023-07-15T12:59:38.774Z] >>> [apiv2][(partial)header] POST https://cloudresourcemanager.googleapis.com/v1/projects/troexpress-e02c4:testIamPermissions x-goog-quota-user=projects/troexpress-e02c4
[debug] [2023-07-15T12:59:38.774Z] >>> [apiv2][body] POST https://cloudresourcemanager.googleapis.com/v1/projects/troexpress-e02c4:testIamPermissions {"permissions":["firebase.projects.get","firebasehosting.sites.update"]}
[debug] [2023-07-15T12:59:38.807Z] <<< [apiv2][status] GET https://firebase-public.firebaseio.com/cli.json 200
[debug] [2023-07-15T12:59:38.807Z] <<< [apiv2][body] GET https://firebase-public.firebaseio.com/cli.json {"cloudBuildErrorAfter":1594252800000,"cloudBuildWarnAfter":1590019200000,"defaultNode10After":1594252800000,"minVersion":"3.0.5","node8DeploysDisabledAfter":1613390400000,"node8RuntimeDisabledAfter":1615809600000,"node8WarnAfter":1600128000000}
[debug] [2023-07-15T12:59:39.891Z] <<< [apiv2][status] POST https://cloudresourcemanager.googleapis.com/v1/projects/troexpress-e02c4:testIamPermissions 200
[debug] [2023-07-15T12:59:39.891Z] <<< [apiv2][body] POST https://cloudresourcemanager.googleapis.com/v1/projects/troexpress-e02c4:testIamPermissions {"permissions":["firebase.projects.get","firebasehosting.sites.update"]}
[debug] [2023-07-15T12:59:39.892Z] >>> [apiv2][query] GET https://firebase.googleapis.com/v1beta1/projects/troexpress-e02c4 [none]
[debug] [2023-07-15T12:59:40.511Z] <<< [apiv2][status] GET https://firebase.googleapis.com/v1beta1/projects/troexpress-e02c4 200
[debug] [2023-07-15T12:59:40.511Z] <<< [apiv2][body] GET https://firebase.googleapis.com/v1beta1/projects/troexpress-e02c4 {"projectId":"troexpress-e02c4","projectNumber":"247455226544","displayName":"troexpress","name":"projects/troexpress-e02c4","resources":{"hostingSite":"troexpress-e02c4"},"state":"ACTIVE","etag":"1_86d5a467-dfbd-481f-bd7d-0621ca6f58ec"}
[info] 
   Thank you for trying our experimental support for SvelteKit on Firebase Hosting.
   While this integration is maintained by Googlers it is not a supported Firebase product.
   Issues filed on GitHub will be addressed on a best-effort basis by maintainers and other community members.

   Documentation: https://firebase.google.com/docs/hosting/frameworks/frameworks-overview
   File a bug: https://github.com/firebase/firebase-tools/issues/new?template=bug_report.md
   Submit a feature request: https://github.com/firebase/firebase-tools/issues/new?template=feature_request.md

   We'd love to learn from you. Express your interest in helping us shape the future of Firebase Hosting: https://goo.gle/41enW5X

[debug] [2023-07-15T13:00:07.153Z] Error: Command failed: npm i --omit dev --no-audit
    at checkExecSyncError (node:child_process:828:11)
    at Object.execSync (node:child_process:899:15)
    at execSync (pkg/prelude/bootstrap.js:2111:30)
    at prepareFrameworks (/Users/flavionogueira/.cache/firebase/tools/lib/node_modules/firebase-tools/lib/frameworks/index.js:367:42)
    at async deploy (/Users/flavionogueira/.cache/firebase/tools/lib/node_modules/firebase-tools/lib/deploy/index.js:55:13)
[error] 
[error] Error: An unexpected error has occurred.
